perf/locustfile.py:6: error: Class cannot subclass "HttpUser" (has type "Any")  [misc]
alfred/core/entrypoint.py:13: error: Call to untyped function "main" in typed context  [no-untyped-call]
agent_core/answer/formatter.py:21: error: Missing type parameters for generic type "Dict"  [type-arg]
perf/parse_results.py:22: error: Call to untyped function "extract_p95" in typed context  [no-untyped-call]
perf/mock_performance_results.py:110: error: Call to untyped function "generate_mock_results" in typed context  [no-untyped-call]
perf/mock_performance_results.py:117: error: Call to untyped function "print_harness_style_output" in typed context  [no-untyped-call]
perf/harness_scaffold.py:107: error: Call to untyped function "run_load_test" in typed context  [no-untyped-call]
agent_core/ingest/chunker.py:16: error: Incompatible types in assignment (expression has type "None", variable has type Module)  [assignment]
agent_core/ingest/embedder.py:18: error: Untyped decorator makes function "_embed_one" untyped  [misc]
agent_core/ingest/embedder.py:18: error: Module has no attribute "error"  [attr-defined]
agent_core/ingest/embedder.py:20: error: Module has no attribute "Embedding"  [attr-defined]
agent_core/ingest/embedder.py:21: error: Returning Any from function declared to return "list[float]"  [no-any-return]
agent_core/db/models.py:7: error: Module "sqlalchemy.dialects.postgresql" has no attribute "VECTOR"  [attr-defined]
alfred/slack/app.py:147: error: Call to untyped function "start" in typed context  [no-untyped-call]
alfred/slack/run.py:49: error: Call to untyped function "start" in typed context  [no-untyped-call]
Found 15 errors in 11 files (checked 89 source files)
